[35m[Appium][39m Welcome to Appium v1.17.1
[35m[Appium][39m Non-default server args:
[35m[Appium][39m   port: 61500
[35m[Appium][39m   loglevel: info
[35m[Appium][39m   tmpDir: C:\Users\rahma\AppData\Local\Temp\\Katalon\Appium\Temp1592808255077
[35m[Appium][39m   chromedriverPort: 61501
[35m[Appium][39m Deprecated server args:
[35m[Appium][39m   [31m--chromedriver-port[39m => --default-capabilities '{"chromedriverPort":61501}'
[35m[Appium][39m Default capabilities, which will be added to each request unless overridden by desired capabilities:
[35m[Appium][39m   chromedriverPort: 61501
[35m[Appium][39m Appium REST http interface listener started on 0.0.0.0:61500
[35m[HTTP][39m [37m-->[39m [37mGET[39m [37m/wd/hub/status[39m
[35m[HTTP][39m [90m{}[39m
[35m[HTTP][39m [37m<-- GET /wd/hub/status [39m[32m200[39m [90m8 ms - 68[39m
[35m[HTTP][39m [90m[39m
[35m[HTTP][39m [37m-->[39m [37mGET[39m [37m/wd/hub/status[39m
[35m[HTTP][39m [90m{}[39m
[35m[HTTP][39m [37m<-- GET /wd/hub/status [39m[32m200[39m [90m1 ms - 68[39m
[35m[HTTP][39m [90m[39m
[35m[HTTP][39m [37m-->[39m [37mPOST[39m [37m/wd/hub/session[39m
[35m[HTTP][39m [90m{"desiredCapabilities":{"appActivity":".Settings","appPackage":"com.android.settings","newCommandTimeout":1800,"platformVersion":"7.1.2","automationName":"uiautomator2","autoGrantPermissions":true,"platformName":"Android","udid":"emulator-5554","deviceName":"emulator-5554 (SM-G973F - Android 7.1.2)","platform":"ANDROID","systemPort":8252},"capabilities":{"firstMatch":[{"appium:appActivity":".Settings","appium:appPackage":"com.android.settings","appium:autoGrantPermissions":true,"appium:automationName":"uiautomator2","appium:deviceName":"emulator-5554 (SM-G973F - Android 7.1.2)","appium:newCommandTimeout":1800,"platform":"ANDROID","platformName":"android","appium:platformVersion":"7.1.2","appium:systemPort":8252,"appium:udid":"emulator-5554"}]}}[39m
[35m[BaseDriver][39m The following capabilities are not standard capabilities and should have an extension prefix:
[35m[BaseDriver][39m   platform
[35m[BaseDriver][39m   chromedriverPort
[35m[Appium][39m Appium v1.17.1 creating new AndroidUiautomator2Driver (v1.44.2) session
[35m[BaseDriver][39m The following capabilities were provided, but are not recognized by Appium:
[35m[BaseDriver][39m   platform
[35m[BaseDriver][39m Session created with session id: 00187078-cda9-4302-9aa8-fffca6a87c8d
[35m[UiAutomator2][39m Starting 'com.android.settings' directly on the device
[35m[ADB][39m Found 1 'build-tools' folders under 'C:\Users\rahma\.katalon\tools\android_sdk' (newest first):
[35m[ADB][39m     C:/Users/rahma/.katalon/tools/android_sdk/build-tools/29.0.2
[35m[ADB][39m Using 'adb.exe' from 'C:\Users\rahma\.katalon\tools\android_sdk\platform-tools\adb.exe'
[35m[AndroidDriver][39m Retrieving device list
[35m[AndroidDriver][39m Using device: emulator-5554
[35m[ADB][39m Using 'adb.exe' from 'C:\Users\rahma\.katalon\tools\android_sdk\platform-tools\adb.exe'
[35m[AndroidDriver][39m No app sent in, not parsing package/activity
[35m[ADB][39m Using 'apksigner.jar' from 'C:\Users\rahma\.katalon\tools\android_sdk\build-tools\29.0.2\lib\apksigner.jar'
[35m[UiAutomator2][39m Server packages are not going to be (re)installed
[35m[ADB][39m com.android.settings contains no permissions available for granting
[35m[UiAutomator2][39m Starting UIAutomator2 server 4.5.5
[35m[UiAutomator2][39m Using UIAutomator2 server from 'C:\Users\rahma\AppData\Roaming\npm\node_modules\appium\node_modules\appium-uiautomator2-server\apks\appium-uiautomator2-server-v4.5.5.apk' and test from 'C:\Users\rahma\AppData\Roaming\npm\node_modules\appium\node_modules\appium-uiautomator2-server\apks\appium-uiautomator2-server-debug-androidTest.apk'
[35m[UiAutomator2][39m Waiting up to 30000ms for UiAutomator2 to be online...
[35m[WD Proxy][39m Got response with unknown status: {"code":"ECONNRESET"}
[35m[WD Proxy][39m Determined the downstream protocol as 'W3C'
[35m[AndroidDriver][39m Screen already unlocked, doing nothing
[35m[UiAutomator2][39m Starting 'com.android.settings/.Settings and waiting for 'com.android.settings/.Settings'
[35m[Appium][39m New AndroidUiautomator2Driver session created successfully, session 00187078-cda9-4302-9aa8-fffca6a87c8d added to master session list
[35m[HTTP][39m [37m<-- POST /wd/hub/session [39m[32m200[39m [90m8592 ms - 1179[39m
[35m[HTTP][39m [90m[39m
[35m[HTTP][39m [37m-->[39m [37mGET[39m [37m/wd/hub/session/00187078-cda9-4302-9aa8-fffca6a87c8d[39m
[35m[HTTP][39m [90m{}[39m
[35m[HTTP][39m [37m<-- GET /wd/hub/session/00187078-cda9-4302-9aa8-fffca6a87c8d [39m[32m200[39m [90m22 ms - 1111[39m
[35m[HTTP][39m [90m[39m
[35m[HTTP][39m [37m-->[39m [37mGET[39m [37m/wd/hub/session/00187078-cda9-4302-9aa8-fffca6a87c8d[39m
[35m[HTTP][39m [90m{}[39m
[35m[HTTP][39m [37m<-- GET /wd/hub/session/00187078-cda9-4302-9aa8-fffca6a87c8d [39m[32m200[39m [90m20 ms - 1111[39m
[35m[HTTP][39m [90m[39m
[35m[HTTP][39m [37m-->[39m [37mGET[39m [37m/wd/hub/status[39m
[35m[HTTP][39m [90m{}[39m
[35m[HTTP][39m [37m<-- GET /wd/hub/status [39m[32m200[39m [90m1 ms - 68[39m
[35m[HTTP][39m [90m[39m
[35m[HTTP][39m [37m-->[39m [37mPOST[39m [37m/wd/hub/session/00187078-cda9-4302-9aa8-fffca6a87c8d/timeouts[39m
[35m[HTTP][39m [90m{"implicit":60000}[39m
[35m[HTTP][39m [37m<-- POST /wd/hub/session/00187078-cda9-4302-9aa8-fffca6a87c8d/timeouts [39m[32m200[39m [90m5 ms - 14[39m
[35m[HTTP][39m [90m[39m
[35m[HTTP][39m [37m-->[39m [37mPOST[39m [37m/wd/hub/session/00187078-cda9-4302-9aa8-fffca6a87c8d/appium/device/activate_app[39m
[35m[HTTP][39m [90m{"bundleId":"com.tiket.gits"}[39m
[35m[HTTP][39m [37m<-- POST /wd/hub/session/00187078-cda9-4302-9aa8-fffca6a87c8d/appium/device/activate_app [39m[32m200[39m [90m800 ms - 14[39m
[35m[HTTP][39m [90m[39m
[35m[HTTP][39m [37m-->[39m [37mGET[39m [37m/wd/hub/session/00187078-cda9-4302-9aa8-fffca6a87c8d/source[39m
[35m[HTTP][39m [90m{}[39m
[35m[W3C (00187078)][39m Driver proxy active, passing request on via HTTP proxy
[35m[WD Proxy][39m Replacing sessionId 84fac821-ec89-403c-b554-3404cc5f6235 with 00187078-cda9-4302-9aa8-fffca6a87c8d
[35m[HTTP][39m [37m<-- GET /wd/hub/session/00187078-cda9-4302-9aa8-fffca6a87c8d/source [39m[32m200[39m [90m269 ms - 12077[39m
[35m[HTTP][39m [90m[39m
[35m[HTTP][39m [37m-->[39m [37mGET[39m [37m/wd/hub/session/00187078-cda9-4302-9aa8-fffca6a87c8d/screenshot[39m
[35m[HTTP][39m [90m{}[39m
[35m[HTTP][39m [37m<-- GET /wd/hub/session/00187078-cda9-4302-9aa8-fffca6a87c8d/screenshot [39m[32m200[39m [90m349 ms - 107620[39m
[35m[HTTP][39m [90m[39m
[35m[HTTP][39m [37m-->[39m [37mGET[39m [37m/wd/hub/session/00187078-cda9-4302-9aa8-fffca6a87c8d/source[39m
[35m[HTTP][39m [90m{}[39m
[35m[W3C (00187078)][39m Driver proxy active, passing request on via HTTP proxy
[35m[WD Proxy][39m Replacing sessionId 84fac821-ec89-403c-b554-3404cc5f6235 with 00187078-cda9-4302-9aa8-fffca6a87c8d
[35m[HTTP][39m [37m<-- GET /wd/hub/session/00187078-cda9-4302-9aa8-fffca6a87c8d/source [39m[32m200[39m [90m35 ms - 12460[39m
[35m[HTTP][39m [90m[39m
[35m[HTTP][39m [37m-->[39m [37mGET[39m [37m/wd/hub/session/00187078-cda9-4302-9aa8-fffca6a87c8d/screenshot[39m
[35m[HTTP][39m [90m{}[39m
[35m[HTTP][39m [37m<-- GET /wd/hub/session/00187078-cda9-4302-9aa8-fffca6a87c8d/screenshot [39m[32m200[39m [90m360 ms - 109324[39m
[35m[HTTP][39m [90m[39m
[35m[HTTP][39m [37m-->[39m [37mGET[39m [37m/wd/hub/session/00187078-cda9-4302-9aa8-fffca6a87c8d/source[39m
[35m[HTTP][39m [90m{}[39m
[35m[W3C (00187078)][39m Driver proxy active, passing request on via HTTP proxy
[35m[WD Proxy][39m Replacing sessionId 84fac821-ec89-403c-b554-3404cc5f6235 with 00187078-cda9-4302-9aa8-fffca6a87c8d
[35m[HTTP][39m [37m<-- GET /wd/hub/session/00187078-cda9-4302-9aa8-fffca6a87c8d/source [39m[32m200[39m [90m44 ms - 12843[39m
[35m[HTTP][39m [90m[39m
[35m[HTTP][39m [37m-->[39m [37mGET[39m [37m/wd/hub/session/00187078-cda9-4302-9aa8-fffca6a87c8d/screenshot[39m
[35m[HTTP][39m [90m{}[39m
[35m[HTTP][39m [37m<-- GET /wd/hub/session/00187078-cda9-4302-9aa8-fffca6a87c8d/screenshot [39m[32m200[39m [90m305 ms - 110318[39m
[35m[HTTP][39m [90m[39m
[35m[HTTP][39m [37m-->[39m [37mGET[39m [37m/wd/hub/session/00187078-cda9-4302-9aa8-fffca6a87c8d/source[39m
[35m[HTTP][39m [90m{}[39m
[35m[W3C (00187078)][39m Driver proxy active, passing request on via HTTP proxy
[35m[WD Proxy][39m Replacing sessionId 84fac821-ec89-403c-b554-3404cc5f6235 with 00187078-cda9-4302-9aa8-fffca6a87c8d
[35m[HTTP][39m [37m<-- GET /wd/hub/session/00187078-cda9-4302-9aa8-fffca6a87c8d/source [39m[32m200[39m [90m49 ms - 23636[39m
[35m[HTTP][39m [90m[39m
[35m[HTTP][39m [37m-->[39m [37mGET[39m [37m/wd/hub/session/00187078-cda9-4302-9aa8-fffca6a87c8d/screenshot[39m
[35m[HTTP][39m [90m{}[39m
[35m[HTTP][39m [37m<-- GET /wd/hub/session/00187078-cda9-4302-9aa8-fffca6a87c8d/screenshot [39m[32m200[39m [90m282 ms - 208992[39m
[35m[HTTP][39m [90m[39m
[35m[HTTP][39m [37m-->[39m [37mDELETE[39m [37m/wd/hub/session/00187078-cda9-4302-9aa8-fffca6a87c8d[39m
[35m[HTTP][39m [90m{}[39m
[35m[Appium][39m Removing session 00187078-cda9-4302-9aa8-fffca6a87c8d from our master session list
[35m[HTTP][39m [37m-->[39m [37mDELETE[39m [37m/wd/hub/session/00187078-cda9-4302-9aa8-fffca6a87c8d[39m
[35m[HTTP][39m [90m{}[39m
[35m[HTTP][39m [37m<-- DELETE /wd/hub/session/00187078-cda9-4302-9aa8-fffca6a87c8d [39m[33m404[39m [90m25 ms - 3097[39m
[35m[HTTP][39m [90m[39m
[35m[WD Proxy][39m Got response with unknown status: {"errno":"ECONNREFUSED","code":"ECONNREFUSED","syscall":"connect","address":"127.0.0.1","port":8252}
[35m[UiAutomator2][39m Did not get confirmation UiAutomator2 deleteSession worked; Error was: UnknownError: An unknown server-side error occurred while processing the command. Original error: Could not proxy command to remote server. Original error: Error: connect ECONNREFUSED 127.0.0.1:8252
[35m[ADB][39m Error sending command, reconnecting device and retrying: shell,am,force-stop,com.android.settings
[35m[HTTP][39m [37m<-- DELETE /wd/hub/session/00187078-cda9-4302-9aa8-fffca6a87c8d [39m[32m-[39m [90m- ms - -[39m
[35m[HTTP][39m [90m[39m
[35m[UiAutomator2][39m Unable to force stop app: Could not find a connected Android device in 21540ms.
[35m[ADB][39m Error sending command, reconnecting device and retrying: forward,--remove,tcp:8252
[35m[UiAutomator2][39m Unable to remove port forward: Could not find a connected Android device in 21519ms.
